<?xml version="1.0" encoding="UTF-8"?>
<testsuite name="com.jojoldu.book.springboot.web.HelloControllerTest" tests="2" skipped="0" failures="0" errors="0" timestamp="2023-01-30T07:23:26" hostname="DESKTOP-9EBL3SC" time="0.142">
  <properties/>
  <testcase name="hello가_리턴된다" classname="com.jojoldu.book.springboot.web.HelloControllerTest" time="0.056"/>
  <testcase name="helloDto가_리턴된다" classname="com.jojoldu.book.springboot.web.HelloControllerTest" time="0.086"/>
  <system-out><![CDATA[2023-01-30 16:23:25.741  INFO 13608 --- [    Test worker] .b.t.a.w.s.WebMvcTestContextBootstrapper : Neither @ContextConfiguration nor @ContextHierarchy found for test class [com.jojoldu.book.springboot.web.HelloControllerTest], using SpringBootContextLoader
2023-01-30 16:23:25.742  INFO 13608 --- [    Test worker] o.s.t.c.support.AbstractContextLoader    : Could not detect default resource locations for test class [com.jojoldu.book.springboot.web.HelloControllerTest]: no resource found for suffixes {-context.xml, Context.groovy}.
2023-01-30 16:23:25.742  INFO 13608 --- [    Test worker] t.c.s.AnnotationConfigContextLoaderUtils : Could not detect default configuration classes for test class [com.jojoldu.book.springboot.web.HelloControllerTest]: HelloControllerTest does not declare any static, non-private, non-final, nested classes annotated with @Configuration.
2023-01-30 16:23:25.759  INFO 13608 --- [    Test worker] .b.t.c.SpringBootTestContextBootstrapper : Found @SpringBootConfiguration com.jojoldu.book.springboot.Application for test class com.jojoldu.book.springboot.web.HelloControllerTest
2023-01-30 16:23:25.759  INFO 13608 --- [    Test worker] .b.t.a.w.s.WebMvcTestContextBootstrapper : Loaded default TestExecutionListener class names from location [META-INF/spring.factories]: [org.springframework.security.test.context.support.WithSecurityContextTestExecutionListener, org.springframework.security.test.context.support.ReactorContextTestExecutionListener, org.springframework.boot.test.autoconfigure.restdocs.RestDocsTestExecutionListener, org.springframework.boot.test.autoconfigure.web.client.MockRestServiceServerResetTestExecutionListener, org.springframework.boot.test.autoconfigure.web.servlet.MockMvcPrintOnlyOnFailureTestExecutionListener, org.springframework.boot.test.autoconfigure.web.servlet.WebDriverTestExecutionListener, org.springframework.boot.test.mock.mockito.MockitoTestExecutionListener, org.springframework.boot.test.mock.mockito.ResetMocksTestExecutionListener, org.springframework.test.context.web.ServletTestExecutionListener, org.springframework.test.context.support.DirtiesContextBeforeModesTestExecutionListener, org.springframework.test.context.support.DependencyInjectionTestExecutionListener, org.springframework.test.context.support.DirtiesContextTestExecutionListener, org.springframework.test.context.transaction.TransactionalTestExecutionListener, org.springframework.test.context.jdbc.SqlScriptsTestExecutionListener]
2023-01-30 16:23:25.760  INFO 13608 --- [    Test worker] .b.t.a.w.s.WebMvcTestContextBootstrapper : Using TestExecutionListeners: [org.springframework.test.context.web.ServletTestExecutionListener@5b67b5c2, org.springframework.test.context.support.DirtiesContextBeforeModesTestExecutionListener@24f37e27, org.springframework.boot.test.mock.mockito.MockitoTestExecutionListener@a0212cf, org.springframework.boot.test.autoconfigure.SpringBootDependencyInjectionTestExecutionListener@725fa2d7, org.springframework.test.context.support.DirtiesContextTestExecutionListener@1470d0fb, org.springframework.test.context.transaction.TransactionalTestExecutionListener@2bcd9614, org.springframework.test.context.jdbc.SqlScriptsTestExecutionListener@31c37dc8, org.springframework.security.test.context.support.WithSecurityContextTestExecutionListener@3e85283d, org.springframework.security.test.context.support.ReactorContextTestExecutionListener@2ce0d01e, org.springframework.boot.test.autoconfigure.restdocs.RestDocsTestExecutionListener@6b5a8ea0, org.springframework.boot.test.autoconfigure.web.client.MockRestServiceServerResetTestExecutionListener@415d933e, org.springframework.boot.test.autoconfigure.web.servlet.MockMvcPrintOnlyOnFailureTestExecutionListener@568e9fe8, org.springframework.boot.test.autoconfigure.web.servlet.WebDriverTestExecutionListener@7c44d507, org.springframework.boot.test.mock.mockito.ResetMocksTestExecutionListener@43d46ba1]

  .   ____          _            __ _ _
 /\\ / ___'_ __ _ _(_)_ __  __ _ \ \ \ \
( ( )\___ | '_ | '_| | '_ \/ _` | \ \ \ \
 \\/  ___)| |_)| | | | | || (_| |  ) ) ) )
  '  |____| .__|_| |_|_| |_\__, | / / / /
 =========|_|==============|___/=/_/_/_/
 :: Spring Boot ::        (v2.1.7.RELEASE)

2023-01-30 16:23:25.785  INFO 13608 --- [    Test worker] c.j.b.s.web.HelloControllerTest          : Starting HelloControllerTest on DESKTOP-9EBL3SC with PID 13608 (started by Realsecu_J in C:\freelec-springboot2-webservice-master\freelec-springboot2-webservice)
2023-01-30 16:23:25.786  INFO 13608 --- [    Test worker] c.j.b.s.web.HelloControllerTest          : No active profile set, falling back to default profiles: default
2023-01-30 16:23:26.134  INFO 13608 --- [    Test worker] o.s.s.concurrent.ThreadPoolTaskExecutor  : Initializing ExecutorService 'applicationTaskExecutor'
2023-01-30 16:23:26.160  INFO 13608 --- [    Test worker] o.s.b.a.w.s.WelcomePageHandlerMapping    : Adding welcome page template: index
2023-01-30 16:23:26.325  INFO 13608 --- [    Test worker] .s.s.UserDetailsServiceAutoConfiguration : 

Using generated security password: 14c4acd4-5d45-49f0-b3e5-5208fd29badb

2023-01-30 16:23:26.446  INFO 13608 --- [    Test worker] o.s.s.web.DefaultSecurityFilterChain     : Creating filter chain: any request, [org.springframework.security.web.context.request.async.WebAsyncManagerIntegrationFilter@596d8312, org.springframework.security.web.context.SecurityContextPersistenceFilter@72742f09, org.springframework.security.web.header.HeaderWriterFilter@3004eaa9, org.springframework.security.web.csrf.CsrfFilter@5f7186b7, org.springframework.security.web.authentication.logout.LogoutFilter@2debb659, org.springframework.security.web.authentication.UsernamePasswordAuthenticationFilter@1cf0e70e, org.springframework.security.web.authentication.ui.DefaultLoginPageGeneratingFilter@5efce208, org.springframework.security.web.authentication.ui.DefaultLogoutPageGeneratingFilter@4b69df5e, org.springframework.security.web.authentication.www.BasicAuthenticationFilter@774c933a, org.springframework.security.web.savedrequest.RequestCacheAwareFilter@3667275d, org.springframework.security.web.servletapi.SecurityContextHolderAwareRequestFilter@21a1c29a, org.springframework.security.web.authentication.AnonymousAuthenticationFilter@582f504a, org.springframework.security.web.session.SessionManagementFilter@63938620, org.springframework.security.web.access.ExceptionTranslationFilter@289d995b, org.springframework.security.web.access.intercept.FilterSecurityInterceptor@7fc7b135]
2023-01-30 16:23:26.475  INFO 13608 --- [    Test worker] o.s.b.t.m.w.SpringBootMockServletContext : Initializing Spring TestDispatcherServlet ''
2023-01-30 16:23:26.475  INFO 13608 --- [    Test worker] o.s.t.web.servlet.TestDispatcherServlet  : Initializing Servlet ''
2023-01-30 16:23:26.487  INFO 13608 --- [    Test worker] o.s.t.web.servlet.TestDispatcherServlet  : Completed initialization in 12 ms
2023-01-30 16:23:26.511  INFO 13608 --- [    Test worker] c.j.b.s.web.HelloControllerTest          : Started HelloControllerTest in 0.749 seconds (JVM running for 7.019)
]]></system-out>
  <system-err><![CDATA[]]></system-err>
</testsuite>
