<?xml version="1.0" encoding="UTF-8"?>
<testsuite name="com.jojoldu.book.springboot.web.HelloControllerTest" tests="2" skipped="0" failures="0" errors="0" timestamp="2023-01-30T08:04:43" hostname="DESKTOP-9EBL3SC" time="0.12">
  <properties/>
  <testcase name="hello가_리턴된다" classname="com.jojoldu.book.springboot.web.HelloControllerTest" time="0.053"/>
  <testcase name="helloDto가_리턴된다" classname="com.jojoldu.book.springboot.web.HelloControllerTest" time="0.067"/>
  <system-out><![CDATA[2023-01-30 17:04:42.700  INFO 7952 --- [    Test worker] .b.t.a.w.s.WebMvcTestContextBootstrapper : Neither @ContextConfiguration nor @ContextHierarchy found for test class [com.jojoldu.book.springboot.web.HelloControllerTest], using SpringBootContextLoader
2023-01-30 17:04:42.701  INFO 7952 --- [    Test worker] o.s.t.c.support.AbstractContextLoader    : Could not detect default resource locations for test class [com.jojoldu.book.springboot.web.HelloControllerTest]: no resource found for suffixes {-context.xml, Context.groovy}.
2023-01-30 17:04:42.701  INFO 7952 --- [    Test worker] t.c.s.AnnotationConfigContextLoaderUtils : Could not detect default configuration classes for test class [com.jojoldu.book.springboot.web.HelloControllerTest]: HelloControllerTest does not declare any static, non-private, non-final, nested classes annotated with @Configuration.
2023-01-30 17:04:42.719  INFO 7952 --- [    Test worker] .b.t.c.SpringBootTestContextBootstrapper : Found @SpringBootConfiguration com.jojoldu.book.springboot.Application for test class com.jojoldu.book.springboot.web.HelloControllerTest
2023-01-30 17:04:42.720  INFO 7952 --- [    Test worker] .b.t.a.w.s.WebMvcTestContextBootstrapper : Loaded default TestExecutionListener class names from location [META-INF/spring.factories]: [org.springframework.security.test.context.support.WithSecurityContextTestExecutionListener, org.springframework.security.test.context.support.ReactorContextTestExecutionListener, org.springframework.boot.test.autoconfigure.restdocs.RestDocsTestExecutionListener, org.springframework.boot.test.autoconfigure.web.client.MockRestServiceServerResetTestExecutionListener, org.springframework.boot.test.autoconfigure.web.servlet.MockMvcPrintOnlyOnFailureTestExecutionListener, org.springframework.boot.test.autoconfigure.web.servlet.WebDriverTestExecutionListener, org.springframework.boot.test.mock.mockito.MockitoTestExecutionListener, org.springframework.boot.test.mock.mockito.ResetMocksTestExecutionListener, org.springframework.test.context.web.ServletTestExecutionListener, org.springframework.test.context.support.DirtiesContextBeforeModesTestExecutionListener, org.springframework.test.context.support.DependencyInjectionTestExecutionListener, org.springframework.test.context.support.DirtiesContextTestExecutionListener, org.springframework.test.context.transaction.TransactionalTestExecutionListener, org.springframework.test.context.jdbc.SqlScriptsTestExecutionListener]
2023-01-30 17:04:42.721  INFO 7952 --- [    Test worker] .b.t.a.w.s.WebMvcTestContextBootstrapper : Using TestExecutionListeners: [org.springframework.test.context.web.ServletTestExecutionListener@8a95c4e, org.springframework.test.context.support.DirtiesContextBeforeModesTestExecutionListener@170ad05c, org.springframework.boot.test.mock.mockito.MockitoTestExecutionListener@6e8ef8ef, org.springframework.boot.test.autoconfigure.SpringBootDependencyInjectionTestExecutionListener@53a05737, org.springframework.test.context.support.DirtiesContextTestExecutionListener@11293a21, org.springframework.test.context.transaction.TransactionalTestExecutionListener@50e09068, org.springframework.test.context.jdbc.SqlScriptsTestExecutionListener@49b0431b, org.springframework.security.test.context.support.WithSecurityContextTestExecutionListener@18f8acf5, org.springframework.security.test.context.support.ReactorContextTestExecutionListener@40d875f9, org.springframework.boot.test.autoconfigure.restdocs.RestDocsTestExecutionListener@146fce5a, org.springframework.boot.test.autoconfigure.web.client.MockRestServiceServerResetTestExecutionListener@5f8cef57, org.springframework.boot.test.autoconfigure.web.servlet.MockMvcPrintOnlyOnFailureTestExecutionListener@24e6f57, org.springframework.boot.test.autoconfigure.web.servlet.WebDriverTestExecutionListener@1bab55a, org.springframework.boot.test.mock.mockito.ResetMocksTestExecutionListener@6b4db629]

  .   ____          _            __ _ _
 /\\ / ___'_ __ _ _(_)_ __  __ _ \ \ \ \
( ( )\___ | '_ | '_| | '_ \/ _` | \ \ \ \
 \\/  ___)| |_)| | | | | || (_| |  ) ) ) )
  '  |____| .__|_| |_|_| |_\__, | / / / /
 =========|_|==============|___/=/_/_/_/
 :: Spring Boot ::        (v2.1.7.RELEASE)

2023-01-30 17:04:42.748  INFO 7952 --- [    Test worker] c.j.b.s.web.HelloControllerTest          : Starting HelloControllerTest on DESKTOP-9EBL3SC with PID 7952 (started by Realsecu_J in C:\freelec-springboot2-webservice-master\freelec-springboot2-webservice)
2023-01-30 17:04:42.748  INFO 7952 --- [    Test worker] c.j.b.s.web.HelloControllerTest          : No active profile set, falling back to default profiles: default
2023-01-30 17:04:43.109  INFO 7952 --- [    Test worker] o.s.s.concurrent.ThreadPoolTaskExecutor  : Initializing ExecutorService 'applicationTaskExecutor'
2023-01-30 17:04:43.137  INFO 7952 --- [    Test worker] o.s.b.a.w.s.WelcomePageHandlerMapping    : Adding welcome page template: index
2023-01-30 17:04:43.311  INFO 7952 --- [    Test worker] .s.s.UserDetailsServiceAutoConfiguration : 

Using generated security password: badd0932-29bd-4da4-bd65-a753ea095d7c

2023-01-30 17:04:43.441  INFO 7952 --- [    Test worker] o.s.s.web.DefaultSecurityFilterChain     : Creating filter chain: any request, [org.springframework.security.web.context.request.async.WebAsyncManagerIntegrationFilter@78b930a7, org.springframework.security.web.context.SecurityContextPersistenceFilter@783f19ed, org.springframework.security.web.header.HeaderWriterFilter@25a61516, org.springframework.security.web.csrf.CsrfFilter@55112394, org.springframework.security.web.authentication.logout.LogoutFilter@15595961, org.springframework.security.web.authentication.UsernamePasswordAuthenticationFilter@49a8c407, org.springframework.security.web.authentication.ui.DefaultLoginPageGeneratingFilter@5daadde7, org.springframework.security.web.authentication.ui.DefaultLogoutPageGeneratingFilter@3f1079e2, org.springframework.security.web.authentication.www.BasicAuthenticationFilter@72e9d04, org.springframework.security.web.savedrequest.RequestCacheAwareFilter@d7e4975, org.springframework.security.web.servletapi.SecurityContextHolderAwareRequestFilter@1865e369, org.springframework.security.web.authentication.AnonymousAuthenticationFilter@4ca515b9, org.springframework.security.web.session.SessionManagementFilter@79f79fb5, org.springframework.security.web.access.ExceptionTranslationFilter@2b6bcbf4, org.springframework.security.web.access.intercept.FilterSecurityInterceptor@68c0bb7c]
2023-01-30 17:04:43.470  INFO 7952 --- [    Test worker] o.s.b.t.m.w.SpringBootMockServletContext : Initializing Spring TestDispatcherServlet ''
2023-01-30 17:04:43.471  INFO 7952 --- [    Test worker] o.s.t.web.servlet.TestDispatcherServlet  : Initializing Servlet ''
2023-01-30 17:04:43.483  INFO 7952 --- [    Test worker] o.s.t.web.servlet.TestDispatcherServlet  : Completed initialization in 12 ms
2023-01-30 17:04:43.506  INFO 7952 --- [    Test worker] c.j.b.s.web.HelloControllerTest          : Started HelloControllerTest in 0.783 seconds (JVM running for 7.171)
]]></system-out>
  <system-err><![CDATA[]]></system-err>
</testsuite>
