<?xml version="1.0" encoding="UTF-8"?>
<testsuite name="com.jojoldu.book.springboot.web.HelloControllerTest" tests="2" skipped="0" failures="0" errors="0" timestamp="2023-01-30T07:38:44" hostname="DESKTOP-9EBL3SC" time="0.117">
  <properties/>
  <testcase name="hello가_리턴된다" classname="com.jojoldu.book.springboot.web.HelloControllerTest" time="0.051"/>
  <testcase name="helloDto가_리턴된다" classname="com.jojoldu.book.springboot.web.HelloControllerTest" time="0.066"/>
  <system-out><![CDATA[2023-01-30 16:38:43.766  INFO 12248 --- [    Test worker] .b.t.a.w.s.WebMvcTestContextBootstrapper : Neither @ContextConfiguration nor @ContextHierarchy found for test class [com.jojoldu.book.springboot.web.HelloControllerTest], using SpringBootContextLoader
2023-01-30 16:38:43.767  INFO 12248 --- [    Test worker] o.s.t.c.support.AbstractContextLoader    : Could not detect default resource locations for test class [com.jojoldu.book.springboot.web.HelloControllerTest]: no resource found for suffixes {-context.xml, Context.groovy}.
2023-01-30 16:38:43.767  INFO 12248 --- [    Test worker] t.c.s.AnnotationConfigContextLoaderUtils : Could not detect default configuration classes for test class [com.jojoldu.book.springboot.web.HelloControllerTest]: HelloControllerTest does not declare any static, non-private, non-final, nested classes annotated with @Configuration.
2023-01-30 16:38:43.785  INFO 12248 --- [    Test worker] .b.t.c.SpringBootTestContextBootstrapper : Found @SpringBootConfiguration com.jojoldu.book.springboot.Application for test class com.jojoldu.book.springboot.web.HelloControllerTest
2023-01-30 16:38:43.786  INFO 12248 --- [    Test worker] .b.t.a.w.s.WebMvcTestContextBootstrapper : Loaded default TestExecutionListener class names from location [META-INF/spring.factories]: [org.springframework.security.test.context.support.WithSecurityContextTestExecutionListener, org.springframework.security.test.context.support.ReactorContextTestExecutionListener, org.springframework.boot.test.autoconfigure.restdocs.RestDocsTestExecutionListener, org.springframework.boot.test.autoconfigure.web.client.MockRestServiceServerResetTestExecutionListener, org.springframework.boot.test.autoconfigure.web.servlet.MockMvcPrintOnlyOnFailureTestExecutionListener, org.springframework.boot.test.autoconfigure.web.servlet.WebDriverTestExecutionListener, org.springframework.boot.test.mock.mockito.MockitoTestExecutionListener, org.springframework.boot.test.mock.mockito.ResetMocksTestExecutionListener, org.springframework.test.context.web.ServletTestExecutionListener, org.springframework.test.context.support.DirtiesContextBeforeModesTestExecutionListener, org.springframework.test.context.support.DependencyInjectionTestExecutionListener, org.springframework.test.context.support.DirtiesContextTestExecutionListener, org.springframework.test.context.transaction.TransactionalTestExecutionListener, org.springframework.test.context.jdbc.SqlScriptsTestExecutionListener]
2023-01-30 16:38:43.786  INFO 12248 --- [    Test worker] .b.t.a.w.s.WebMvcTestContextBootstrapper : Using TestExecutionListeners: [org.springframework.test.context.web.ServletTestExecutionListener@3e8e3316, org.springframework.test.context.support.DirtiesContextBeforeModesTestExecutionListener@1b84af66, org.springframework.boot.test.mock.mockito.MockitoTestExecutionListener@39dde447, org.springframework.boot.test.autoconfigure.SpringBootDependencyInjectionTestExecutionListener@1c780b22, org.springframework.test.context.support.DirtiesContextTestExecutionListener@53a19d38, org.springframework.test.context.transaction.TransactionalTestExecutionListener@6d60e7b5, org.springframework.test.context.jdbc.SqlScriptsTestExecutionListener@3bc9d982, org.springframework.security.test.context.support.WithSecurityContextTestExecutionListener@6734f4c2, org.springframework.security.test.context.support.ReactorContextTestExecutionListener@38a3ed41, org.springframework.boot.test.autoconfigure.restdocs.RestDocsTestExecutionListener@5214e8af, org.springframework.boot.test.autoconfigure.web.client.MockRestServiceServerResetTestExecutionListener@27e42ea6, org.springframework.boot.test.autoconfigure.web.servlet.MockMvcPrintOnlyOnFailureTestExecutionListener@67b64c7c, org.springframework.boot.test.autoconfigure.web.servlet.WebDriverTestExecutionListener@40d86c2e, org.springframework.boot.test.mock.mockito.ResetMocksTestExecutionListener@357cb50a]

  .   ____          _            __ _ _
 /\\ / ___'_ __ _ _(_)_ __  __ _ \ \ \ \
( ( )\___ | '_ | '_| | '_ \/ _` | \ \ \ \
 \\/  ___)| |_)| | | | | || (_| |  ) ) ) )
  '  |____| .__|_| |_|_| |_\__, | / / / /
 =========|_|==============|___/=/_/_/_/
 :: Spring Boot ::        (v2.1.7.RELEASE)

2023-01-30 16:38:43.812  INFO 12248 --- [    Test worker] c.j.b.s.web.HelloControllerTest          : Starting HelloControllerTest on DESKTOP-9EBL3SC with PID 12248 (started by Realsecu_J in C:\freelec-springboot2-webservice-master\freelec-springboot2-webservice)
2023-01-30 16:38:43.813  INFO 12248 --- [    Test worker] c.j.b.s.web.HelloControllerTest          : No active profile set, falling back to default profiles: default
2023-01-30 16:38:44.174  INFO 12248 --- [    Test worker] o.s.s.concurrent.ThreadPoolTaskExecutor  : Initializing ExecutorService 'applicationTaskExecutor'
2023-01-30 16:38:44.202  INFO 12248 --- [    Test worker] o.s.b.a.w.s.WelcomePageHandlerMapping    : Adding welcome page template: index
2023-01-30 16:38:44.379  INFO 12248 --- [    Test worker] .s.s.UserDetailsServiceAutoConfiguration : 

Using generated security password: f672b4ee-e84c-4c87-b0c3-0312517eed31

2023-01-30 16:38:44.507  INFO 12248 --- [    Test worker] o.s.s.web.DefaultSecurityFilterChain     : Creating filter chain: any request, [org.springframework.security.web.context.request.async.WebAsyncManagerIntegrationFilter@4434c28, org.springframework.security.web.context.SecurityContextPersistenceFilter@303a284d, org.springframework.security.web.header.HeaderWriterFilter@70d5587d, org.springframework.security.web.csrf.CsrfFilter@5f1ec708, org.springframework.security.web.authentication.logout.LogoutFilter@22325109, org.springframework.security.web.authentication.UsernamePasswordAuthenticationFilter@12e20574, org.springframework.security.web.authentication.ui.DefaultLoginPageGeneratingFilter@7c468b0a, org.springframework.security.web.authentication.ui.DefaultLogoutPageGeneratingFilter@3ab0fc93, org.springframework.security.web.authentication.www.BasicAuthenticationFilter@ecf1cb, org.springframework.security.web.savedrequest.RequestCacheAwareFilter@28e164c1, org.springframework.security.web.servletapi.SecurityContextHolderAwareRequestFilter@72add710, org.springframework.security.web.authentication.AnonymousAuthenticationFilter@5db520a7, org.springframework.security.web.session.SessionManagementFilter@59dae7e8, org.springframework.security.web.access.ExceptionTranslationFilter@608f1982, org.springframework.security.web.access.intercept.FilterSecurityInterceptor@5c4c1e03]
2023-01-30 16:38:44.536  INFO 12248 --- [    Test worker] o.s.b.t.m.w.SpringBootMockServletContext : Initializing Spring TestDispatcherServlet ''
2023-01-30 16:38:44.536  INFO 12248 --- [    Test worker] o.s.t.web.servlet.TestDispatcherServlet  : Initializing Servlet ''
2023-01-30 16:38:44.548  INFO 12248 --- [    Test worker] o.s.t.web.servlet.TestDispatcherServlet  : Completed initialization in 12 ms
2023-01-30 16:38:44.571  INFO 12248 --- [    Test worker] c.j.b.s.web.HelloControllerTest          : Started HelloControllerTest in 0.783 seconds (JVM running for 7.248)
]]></system-out>
  <system-err><![CDATA[]]></system-err>
</testsuite>
