<?xml version="1.0" encoding="UTF-8"?>
<testsuite name="com.jojoldu.book.springboot.web.IndexContollerTest" tests="1" skipped="0" failures="0" errors="0" timestamp="2023-01-30T07:16:21" hostname="DESKTOP-9EBL3SC" time="0.153">
  <properties/>
  <testcase name="메인페이지_로딩" classname="com.jojoldu.book.springboot.web.IndexContollerTest" time="0.153"/>
  <system-out><![CDATA[2023-01-30 16:16:19.328  INFO 21356 --- [    Test worker] .b.t.c.SpringBootTestContextBootstrapper : Neither @ContextConfiguration nor @ContextHierarchy found for test class [com.jojoldu.book.springboot.web.IndexContollerTest], using SpringBootContextLoader
2023-01-30 16:16:19.329  INFO 21356 --- [    Test worker] o.s.t.c.support.AbstractContextLoader    : Could not detect default resource locations for test class [com.jojoldu.book.springboot.web.IndexContollerTest]: no resource found for suffixes {-context.xml, Context.groovy}.
2023-01-30 16:16:19.329  INFO 21356 --- [    Test worker] t.c.s.AnnotationConfigContextLoaderUtils : Could not detect default configuration classes for test class [com.jojoldu.book.springboot.web.IndexContollerTest]: IndexContollerTest does not declare any static, non-private, non-final, nested classes annotated with @Configuration.
2023-01-30 16:16:19.330  INFO 21356 --- [    Test worker] .b.t.c.SpringBootTestContextBootstrapper : Found @SpringBootConfiguration com.jojoldu.book.springboot.Application for test class com.jojoldu.book.springboot.web.IndexContollerTest
2023-01-30 16:16:19.331  INFO 21356 --- [    Test worker] .b.t.c.SpringBootTestContextBootstrapper : Loaded default TestExecutionListener class names from location [META-INF/spring.factories]: [org.springframework.security.test.context.support.WithSecurityContextTestExecutionListener, org.springframework.security.test.context.support.ReactorContextTestExecutionListener, org.springframework.boot.test.autoconfigure.restdocs.RestDocsTestExecutionListener, org.springframework.boot.test.autoconfigure.web.client.MockRestServiceServerResetTestExecutionListener, org.springframework.boot.test.autoconfigure.web.servlet.MockMvcPrintOnlyOnFailureTestExecutionListener, org.springframework.boot.test.autoconfigure.web.servlet.WebDriverTestExecutionListener, org.springframework.boot.test.mock.mockito.MockitoTestExecutionListener, org.springframework.boot.test.mock.mockito.ResetMocksTestExecutionListener, org.springframework.test.context.web.ServletTestExecutionListener, org.springframework.test.context.support.DirtiesContextBeforeModesTestExecutionListener, org.springframework.test.context.support.DependencyInjectionTestExecutionListener, org.springframework.test.context.support.DirtiesContextTestExecutionListener, org.springframework.test.context.transaction.TransactionalTestExecutionListener, org.springframework.test.context.jdbc.SqlScriptsTestExecutionListener]
2023-01-30 16:16:19.332  INFO 21356 --- [    Test worker] .b.t.c.SpringBootTestContextBootstrapper : Using TestExecutionListeners: [org.springframework.test.context.web.ServletTestExecutionListener@659ac515, org.springframework.test.context.support.DirtiesContextBeforeModesTestExecutionListener@593c630c, org.springframework.boot.test.mock.mockito.MockitoTestExecutionListener@d8b636, org.springframework.boot.test.autoconfigure.SpringBootDependencyInjectionTestExecutionListener@387e6b7d, org.springframework.test.context.support.DirtiesContextTestExecutionListener@bffb30a, org.springframework.test.context.transaction.TransactionalTestExecutionListener@31e1957a, org.springframework.test.context.jdbc.SqlScriptsTestExecutionListener@744dfc76, org.springframework.security.test.context.support.WithSecurityContextTestExecutionListener@3fa34401, org.springframework.security.test.context.support.ReactorContextTestExecutionListener@4932c71c, org.springframework.boot.test.autoconfigure.restdocs.RestDocsTestExecutionListener@7445d105, org.springframework.boot.test.autoconfigure.web.client.MockRestServiceServerResetTestExecutionListener@6f702db7, org.springframework.boot.test.autoconfigure.web.servlet.MockMvcPrintOnlyOnFailureTestExecutionListener@4ad6ef14, org.springframework.boot.test.autoconfigure.web.servlet.WebDriverTestExecutionListener@1583cb75, org.springframework.boot.test.mock.mockito.ResetMocksTestExecutionListener@4f94fd39]

  .   ____          _            __ _ _
 /\\ / ___'_ __ _ _(_)_ __  __ _ \ \ \ \
( ( )\___ | '_ | '_| | '_ \/ _` | \ \ \ \
 \\/  ___)| |_)| | | | | || (_| |  ) ) ) )
  '  |____| .__|_| |_|_| |_\__, | / / / /
 =========|_|==============|___/=/_/_/_/
 :: Spring Boot ::        (v2.1.7.RELEASE)

2023-01-30 16:16:19.359  INFO 21356 --- [    Test worker] c.j.b.springboot.web.IndexContollerTest  : Starting IndexContollerTest on DESKTOP-9EBL3SC with PID 21356 (started by Realsecu_J in C:\freelec-springboot2-webservice-master\freelec-springboot2-webservice)
2023-01-30 16:16:19.359  INFO 21356 --- [    Test worker] c.j.b.springboot.web.IndexContollerTest  : No active profile set, falling back to default profiles: default
2023-01-30 16:16:19.529  INFO 21356 --- [    Test worker] .s.d.r.c.RepositoryConfigurationDelegate : Bootstrapping Spring Data repositories in DEFAULT mode.
2023-01-30 16:16:19.549  INFO 21356 --- [    Test worker] .s.d.r.c.RepositoryConfigurationDelegate : Finished Spring Data repository scanning in 20ms. Found 2 repository interfaces.
2023-01-30 16:16:19.628  INFO 21356 --- [    Test worker] trationDelegate$BeanPostProcessorChecker : Bean 'org.springframework.transaction.annotation.ProxyTransactionManagementConfiguration' of type [org.springframework.transaction.annotation.ProxyTransactionManagementConfiguration$$EnhancerBySpringCGLIB$$93ebd528] is not eligible for getting processed by all BeanPostProcessors (for example: not eligible for auto-proxying)
2023-01-30 16:16:19.860  INFO 21356 --- [    Test worker] o.s.b.w.embedded.tomcat.TomcatWebServer  : Tomcat initialized with port(s): 0 (http)
2023-01-30 16:16:19.897  INFO 21356 --- [    Test worker] o.apache.catalina.core.StandardService   : Starting service [Tomcat]
2023-01-30 16:16:19.897  INFO 21356 --- [    Test worker] org.apache.catalina.core.StandardEngine  : Starting Servlet engine: [Apache Tomcat/9.0.22]
2023-01-30 16:16:20.016  INFO 21356 --- [    Test worker] o.a.c.c.C.[Tomcat].[localhost].[/]       : Initializing Spring embedded WebApplicationContext
2023-01-30 16:16:20.016  INFO 21356 --- [    Test worker] o.s.web.context.ContextLoader            : Root WebApplicationContext: initialization completed in 655 ms
2023-01-30 16:16:20.164  INFO 21356 --- [    Test worker] com.zaxxer.hikari.HikariDataSource       : HikariPool-2 - Starting...
2023-01-30 16:16:20.165  INFO 21356 --- [    Test worker] com.zaxxer.hikari.HikariDataSource       : HikariPool-2 - Start completed.
2023-01-30 16:16:20.195  INFO 21356 --- [    Test worker] o.hibernate.jpa.internal.util.LogHelper  : HHH000204: Processing PersistenceUnitInfo [
	name: default
	...]
2023-01-30 16:16:20.203  INFO 21356 --- [    Test worker] org.hibernate.dialect.Dialect            : HHH000400: Using dialect: org.hibernate.dialect.MySQL57Dialect
Hibernate: drop table if exists posts
Hibernate: drop table if exists user
Hibernate: create table posts (id bigint not null auto_increment, created_date datetime(6), modified_date datetime(6), author varchar(255), content TEXT not null, title varchar(500) not null, primary key (id)) engine=InnoDB
Hibernate: create table user (id bigint not null auto_increment, created_date datetime(6), modified_date datetime(6), email varchar(255) not null, name varchar(255) not null, picture varchar(255), role varchar(255) not null, primary key (id)) engine=InnoDB
2023-01-30 16:16:20.245  INFO 21356 --- [    Test worker] o.h.t.schema.internal.SchemaCreatorImpl  : HHH000476: Executing import script 'org.hibernate.tool.schema.internal.exec.ScriptSourceInputNonExistentImpl@5d33de35'
2023-01-30 16:16:20.246  INFO 21356 --- [    Test worker] j.LocalContainerEntityManagerFactoryBean : Initialized JPA EntityManagerFactory for persistence unit 'default'
2023-01-30 16:16:20.513  INFO 21356 --- [    Test worker] o.h.h.i.QueryTranslatorFactoryInitiator  : HHH000397: Using ASTQueryTranslatorFactory
2023-01-30 16:16:20.649  INFO 21356 --- [    Test worker] o.s.s.web.DefaultSecurityFilterChain     : Creating filter chain: any request, [org.springframework.security.web.context.request.async.WebAsyncManagerIntegrationFilter@1a21189c, org.springframework.security.web.context.SecurityContextPersistenceFilter@4d0692bd, org.springframework.security.web.header.HeaderWriterFilter@31506862, org.springframework.security.web.authentication.logout.LogoutFilter@3febe21f, org.springframework.security.oauth2.client.web.OAuth2AuthorizationRequestRedirectFilter@5d303cb3, org.springframework.security.oauth2.client.web.OAuth2LoginAuthenticationFilter@416c1422, org.springframework.security.web.authentication.ui.DefaultLoginPageGeneratingFilter@46811308, org.springframework.security.web.authentication.ui.DefaultLogoutPageGeneratingFilter@7b85af6, org.springframework.security.web.savedrequest.RequestCacheAwareFilter@2986e0c1, org.springframework.security.web.servletapi.SecurityContextHolderAwareRequestFilter@1ba79eeb, org.springframework.security.web.authentication.AnonymousAuthenticationFilter@5bb12b16, org.springframework.security.web.session.SessionManagementFilter@5ed07572, org.springframework.security.web.access.ExceptionTranslationFilter@145e1753, org.springframework.security.web.access.intercept.FilterSecurityInterceptor@616f8d7b]
2023-01-30 16:16:20.808  INFO 21356 --- [    Test worker] o.s.s.concurrent.ThreadPoolTaskExecutor  : Initializing ExecutorService 'applicationTaskExecutor'
2023-01-30 16:16:20.819  WARN 21356 --- [    Test worker] aWebConfiguration$JpaWebMvcConfiguration : spring.jpa.open-in-view is enabled by default. Therefore, database queries may be performed during view rendering. Explicitly configure spring.jpa.open-in-view to disable this warning
2023-01-30 16:16:20.843  INFO 21356 --- [    Test worker] o.s.b.a.w.s.WelcomePageHandlerMapping    : Adding welcome page template: index
2023-01-30 16:16:21.101  INFO 21356 --- [    Test worker] s.a.ScheduledAnnotationBeanPostProcessor : No TaskScheduler/ScheduledExecutorService bean found for scheduled processing
2023-01-30 16:16:21.117  INFO 21356 --- [    Test worker] o.s.b.w.embedded.tomcat.TomcatWebServer  : Tomcat started on port(s): 60090 (http) with context path ''
2023-01-30 16:16:21.118  INFO 21356 --- [    Test worker] c.j.b.springboot.web.IndexContollerTest  : Started IndexContollerTest in 1.785 seconds (JVM running for 8.951)
2023-01-30 16:16:21.197  INFO 21356 --- [o-auto-1-exec-1] o.a.c.c.C.[Tomcat].[localhost].[/]       : Initializing Spring DispatcherServlet 'dispatcherServlet'
2023-01-30 16:16:21.197  INFO 21356 --- [o-auto-1-exec-1] o.s.web.servlet.DispatcherServlet        : Initializing Servlet 'dispatcherServlet'
2023-01-30 16:16:21.211  INFO 21356 --- [o-auto-1-exec-1] o.s.web.servlet.DispatcherServlet        : Completed initialization in 13 ms
Hibernate: select posts0_.id as id1_0_, posts0_.created_date as created_2_0_, posts0_.modified_date as modified3_0_, posts0_.author as author4_0_, posts0_.content as content5_0_, posts0_.title as title6_0_ from posts posts0_ order by posts0_.id DESC
]]></system-out>
  <system-err><![CDATA[]]></system-err>
</testsuite>
