<?xml version="1.0" encoding="UTF-8"?>
<testsuite name="com.jojoldu.book.springboot.web.IndexContollerTest" tests="1" skipped="0" failures="0" errors="0" timestamp="2023-01-30T07:38:46" hostname="DESKTOP-9EBL3SC" time="0.154">
  <properties/>
  <testcase name="메인페이지_로딩" classname="com.jojoldu.book.springboot.web.IndexContollerTest" time="0.154"/>
  <system-out><![CDATA[2023-01-30 16:38:44.693  INFO 12248 --- [    Test worker] .b.t.c.SpringBootTestContextBootstrapper : Neither @ContextConfiguration nor @ContextHierarchy found for test class [com.jojoldu.book.springboot.web.IndexContollerTest], using SpringBootContextLoader
2023-01-30 16:38:44.694  INFO 12248 --- [    Test worker] o.s.t.c.support.AbstractContextLoader    : Could not detect default resource locations for test class [com.jojoldu.book.springboot.web.IndexContollerTest]: no resource found for suffixes {-context.xml, Context.groovy}.
2023-01-30 16:38:44.694  INFO 12248 --- [    Test worker] t.c.s.AnnotationConfigContextLoaderUtils : Could not detect default configuration classes for test class [com.jojoldu.book.springboot.web.IndexContollerTest]: IndexContollerTest does not declare any static, non-private, non-final, nested classes annotated with @Configuration.
2023-01-30 16:38:44.695  INFO 12248 --- [    Test worker] .b.t.c.SpringBootTestContextBootstrapper : Found @SpringBootConfiguration com.jojoldu.book.springboot.Application for test class com.jojoldu.book.springboot.web.IndexContollerTest
2023-01-30 16:38:44.696  INFO 12248 --- [    Test worker] .b.t.c.SpringBootTestContextBootstrapper : Loaded default TestExecutionListener class names from location [META-INF/spring.factories]: [org.springframework.security.test.context.support.WithSecurityContextTestExecutionListener, org.springframework.security.test.context.support.ReactorContextTestExecutionListener, org.springframework.boot.test.autoconfigure.restdocs.RestDocsTestExecutionListener, org.springframework.boot.test.autoconfigure.web.client.MockRestServiceServerResetTestExecutionListener, org.springframework.boot.test.autoconfigure.web.servlet.MockMvcPrintOnlyOnFailureTestExecutionListener, org.springframework.boot.test.autoconfigure.web.servlet.WebDriverTestExecutionListener, org.springframework.boot.test.mock.mockito.MockitoTestExecutionListener, org.springframework.boot.test.mock.mockito.ResetMocksTestExecutionListener, org.springframework.test.context.web.ServletTestExecutionListener, org.springframework.test.context.support.DirtiesContextBeforeModesTestExecutionListener, org.springframework.test.context.support.DependencyInjectionTestExecutionListener, org.springframework.test.context.support.DirtiesContextTestExecutionListener, org.springframework.test.context.transaction.TransactionalTestExecutionListener, org.springframework.test.context.jdbc.SqlScriptsTestExecutionListener]
2023-01-30 16:38:44.697  INFO 12248 --- [    Test worker] .b.t.c.SpringBootTestContextBootstrapper : Using TestExecutionListeners: [org.springframework.test.context.web.ServletTestExecutionListener@53521ebf, org.springframework.test.context.support.DirtiesContextBeforeModesTestExecutionListener@6bf018e6, org.springframework.boot.test.mock.mockito.MockitoTestExecutionListener@4f1e708a, org.springframework.boot.test.autoconfigure.SpringBootDependencyInjectionTestExecutionListener@4d2283ee, org.springframework.test.context.support.DirtiesContextTestExecutionListener@e46db13, org.springframework.test.context.transaction.TransactionalTestExecutionListener@659ac515, org.springframework.test.context.jdbc.SqlScriptsTestExecutionListener@593c630c, org.springframework.security.test.context.support.WithSecurityContextTestExecutionListener@d8b636, org.springframework.security.test.context.support.ReactorContextTestExecutionListener@387e6b7d, org.springframework.boot.test.autoconfigure.restdocs.RestDocsTestExecutionListener@bffb30a, org.springframework.boot.test.autoconfigure.web.client.MockRestServiceServerResetTestExecutionListener@31e1957a, org.springframework.boot.test.autoconfigure.web.servlet.MockMvcPrintOnlyOnFailureTestExecutionListener@744dfc76, org.springframework.boot.test.autoconfigure.web.servlet.WebDriverTestExecutionListener@3fa34401, org.springframework.boot.test.mock.mockito.ResetMocksTestExecutionListener@4932c71c]

  .   ____          _            __ _ _
 /\\ / ___'_ __ _ _(_)_ __  __ _ \ \ \ \
( ( )\___ | '_ | '_| | '_ \/ _` | \ \ \ \
 \\/  ___)| |_)| | | | | || (_| |  ) ) ) )
  '  |____| .__|_| |_|_| |_\__, | / / / /
 =========|_|==============|___/=/_/_/_/
 :: Spring Boot ::        (v2.1.7.RELEASE)

2023-01-30 16:38:44.721  INFO 12248 --- [    Test worker] c.j.b.springboot.web.IndexContollerTest  : Starting IndexContollerTest on DESKTOP-9EBL3SC with PID 12248 (started by Realsecu_J in C:\freelec-springboot2-webservice-master\freelec-springboot2-webservice)
2023-01-30 16:38:44.721  INFO 12248 --- [    Test worker] c.j.b.springboot.web.IndexContollerTest  : No active profile set, falling back to default profiles: default
2023-01-30 16:38:44.884  INFO 12248 --- [    Test worker] .s.d.r.c.RepositoryConfigurationDelegate : Bootstrapping Spring Data repositories in DEFAULT mode.
2023-01-30 16:38:44.904  INFO 12248 --- [    Test worker] .s.d.r.c.RepositoryConfigurationDelegate : Finished Spring Data repository scanning in 20ms. Found 2 repository interfaces.
2023-01-30 16:38:44.988  INFO 12248 --- [    Test worker] trationDelegate$BeanPostProcessorChecker : Bean 'org.springframework.transaction.annotation.ProxyTransactionManagementConfiguration' of type [org.springframework.transaction.annotation.ProxyTransactionManagementConfiguration$$EnhancerBySpringCGLIB$$770efda8] is not eligible for getting processed by all BeanPostProcessors (for example: not eligible for auto-proxying)
2023-01-30 16:38:45.204  INFO 12248 --- [    Test worker] o.s.b.w.embedded.tomcat.TomcatWebServer  : Tomcat initialized with port(s): 0 (http)
2023-01-30 16:38:45.230  INFO 12248 --- [    Test worker] o.apache.catalina.core.StandardService   : Starting service [Tomcat]
2023-01-30 16:38:45.231  INFO 12248 --- [    Test worker] org.apache.catalina.core.StandardEngine  : Starting Servlet engine: [Apache Tomcat/9.0.22]
2023-01-30 16:38:45.348  INFO 12248 --- [    Test worker] o.a.c.c.C.[Tomcat].[localhost].[/]       : Initializing Spring embedded WebApplicationContext
2023-01-30 16:38:45.348  INFO 12248 --- [    Test worker] o.s.web.context.ContextLoader            : Root WebApplicationContext: initialization completed in 625 ms
2023-01-30 16:38:45.505  INFO 12248 --- [    Test worker] com.zaxxer.hikari.HikariDataSource       : HikariPool-2 - Starting...
2023-01-30 16:38:45.506  INFO 12248 --- [    Test worker] com.zaxxer.hikari.HikariDataSource       : HikariPool-2 - Start completed.
2023-01-30 16:38:45.537  INFO 12248 --- [    Test worker] o.hibernate.jpa.internal.util.LogHelper  : HHH000204: Processing PersistenceUnitInfo [
	name: default
	...]
2023-01-30 16:38:45.545  INFO 12248 --- [    Test worker] org.hibernate.dialect.Dialect            : HHH000400: Using dialect: org.hibernate.dialect.MySQL57Dialect
Hibernate: drop table if exists posts
Hibernate: drop table if exists user
Hibernate: create table posts (id bigint not null auto_increment, created_date datetime(6), modified_date datetime(6), author varchar(255), content TEXT not null, title varchar(500) not null, primary key (id)) engine=InnoDB
Hibernate: create table user (id bigint not null auto_increment, created_date datetime(6), modified_date datetime(6), email varchar(255) not null, name varchar(255) not null, picture varchar(255), role varchar(255) not null, primary key (id)) engine=InnoDB
2023-01-30 16:38:45.591  INFO 12248 --- [    Test worker] o.h.t.schema.internal.SchemaCreatorImpl  : HHH000476: Executing import script 'org.hibernate.tool.schema.internal.exec.ScriptSourceInputNonExistentImpl@2f97fed7'
2023-01-30 16:38:45.592  INFO 12248 --- [    Test worker] j.LocalContainerEntityManagerFactoryBean : Initialized JPA EntityManagerFactory for persistence unit 'default'
2023-01-30 16:38:45.868  INFO 12248 --- [    Test worker] o.h.h.i.QueryTranslatorFactoryInitiator  : HHH000397: Using ASTQueryTranslatorFactory
2023-01-30 16:38:46.022  INFO 12248 --- [    Test worker] o.s.s.web.DefaultSecurityFilterChain     : Creating filter chain: any request, [org.springframework.security.web.context.request.async.WebAsyncManagerIntegrationFilter@512ff58f, org.springframework.security.web.context.SecurityContextPersistenceFilter@304abfa9, org.springframework.security.web.header.HeaderWriterFilter@7933d039, org.springframework.security.web.authentication.logout.LogoutFilter@145e1753, org.springframework.security.oauth2.client.web.OAuth2AuthorizationRequestRedirectFilter@25d8e64b, org.springframework.security.oauth2.client.web.OAuth2LoginAuthenticationFilter@33b241e7, org.springframework.security.web.authentication.ui.DefaultLoginPageGeneratingFilter@710c592c, org.springframework.security.web.authentication.ui.DefaultLogoutPageGeneratingFilter@c5616ab, org.springframework.security.web.savedrequest.RequestCacheAwareFilter@401ca6fc, org.springframework.security.web.servletapi.SecurityContextHolderAwareRequestFilter@274914de, org.springframework.security.web.authentication.AnonymousAuthenticationFilter@6ede43d4, org.springframework.security.web.session.SessionManagementFilter@5c815241, org.springframework.security.web.access.ExceptionTranslationFilter@1c2d8175, org.springframework.security.web.access.intercept.FilterSecurityInterceptor@284ebd5c]
2023-01-30 16:38:46.186  INFO 12248 --- [    Test worker] o.s.s.concurrent.ThreadPoolTaskExecutor  : Initializing ExecutorService 'applicationTaskExecutor'
2023-01-30 16:38:46.197  WARN 12248 --- [    Test worker] aWebConfiguration$JpaWebMvcConfiguration : spring.jpa.open-in-view is enabled by default. Therefore, database queries may be performed during view rendering. Explicitly configure spring.jpa.open-in-view to disable this warning
2023-01-30 16:38:46.221  INFO 12248 --- [    Test worker] o.s.b.a.w.s.WelcomePageHandlerMapping    : Adding welcome page template: index
2023-01-30 16:38:46.455  INFO 12248 --- [    Test worker] s.a.ScheduledAnnotationBeanPostProcessor : No TaskScheduler/ScheduledExecutorService bean found for scheduled processing
2023-01-30 16:38:46.472  INFO 12248 --- [    Test worker] o.s.b.w.embedded.tomcat.TomcatWebServer  : Tomcat started on port(s): 60673 (http) with context path ''
2023-01-30 16:38:46.472  INFO 12248 --- [    Test worker] c.j.b.springboot.web.IndexContollerTest  : Started IndexContollerTest in 1.774 seconds (JVM running for 9.149)
2023-01-30 16:38:46.550  INFO 12248 --- [o-auto-1-exec-1] o.a.c.c.C.[Tomcat].[localhost].[/]       : Initializing Spring DispatcherServlet 'dispatcherServlet'
2023-01-30 16:38:46.550  INFO 12248 --- [o-auto-1-exec-1] o.s.web.servlet.DispatcherServlet        : Initializing Servlet 'dispatcherServlet'
2023-01-30 16:38:46.566  INFO 12248 --- [o-auto-1-exec-1] o.s.web.servlet.DispatcherServlet        : Completed initialization in 16 ms
Hibernate: select posts0_.id as id1_0_, posts0_.created_date as created_2_0_, posts0_.modified_date as modified3_0_, posts0_.author as author4_0_, posts0_.content as content5_0_, posts0_.title as title6_0_ from posts posts0_ order by posts0_.id DESC
]]></system-out>
  <system-err><![CDATA[]]></system-err>
</testsuite>
